I, [2019-03-11T19:44:15.407949 #86124]  INFO -- : Cleared interactions for example "Client Pact with our provider get json data can process the json payload from the provider"
I, [2019-03-11T19:44:15.410775 #86124]  INFO -- : Registered expected interaction GET /provider.json?valid_date=Mon,%2011%20Mar%202019%2018:44:15%20GMT
D, [2019-03-11T19:44:15.410890 #86124] DEBUG -- : {
  "description": "a request for json data",
  "request": {
    "method": "get",
    "path": "/provider.json",
    "query": "valid_date=Mon,%2011%20Mar%202019%2018:44:15%20GMT"
  },
  "response": {
    "status": 200,
    "headers": {
      "Content-Type": "application/json"
    },
    "body": {
      "test": "NO",
      "valid_date": "2013-08-16T15:31:20+10:00"
    }
  }
}
I, [2019-03-11T19:44:15.413546 #86124]  INFO -- : Received request GET /provider.json?valid_date=Mon,%2011%20Mar%202019%2018:44:15%20GMT
D, [2019-03-11T19:44:15.413667 #86124] DEBUG -- : {
  "path": "/provider.json",
  "query": "valid_date=Mon,%2011%20Mar%202019%2018:44:15%20GMT",
  "method": "get",
  "headers": {
    "Accept-Encoding": "gzip;q=1.0,deflate;q=0.6,identity;q=0.3",
    "Accept": "*/*",
    "User-Agent": "Ruby",
    "Connection": "close",
    "Host": "localhost:1234",
    "Version": "HTTP/1.1"
  }
}
I, [2019-03-11T19:44:15.413791 #86124]  INFO -- : Found matching response for GET /provider.json?valid_date=Mon,%2011%20Mar%202019%2018:44:15%20GMT
D, [2019-03-11T19:44:15.413867 #86124] DEBUG -- : {
  "status": 200,
  "headers": {
    "Content-Type": "application/json"
  },
  "body": {
    "test": "NO",
    "valid_date": "2013-08-16T15:31:20+10:00"
  }
}
I, [2019-03-11T19:44:15.416394 #86124]  INFO -- : Verifying - interactions matched for example "Client Pact with our provider get json data can process the json payload from the provider"
I, [2019-03-11T19:44:15.419140 #86124]  INFO -- : Writing pact for Our Provider to /Users/jchuerva/Documents/GitHub/pact-ruby-example/spec/pacts/our_consumer-our_provider.json
